<?xml version="1.0" encoding="UTF-8"?>
<!-- Generated by org.testng.reporters.JUnitXMLReporter -->
<testsuite ignored="0" hostname="lokuprasanth" failures="0" tests="5" name="Default test" time="0.128" errors="0" timestamp="2023-06-14T09:03:26 IST">
  <testcase classname="com.testNG.Invocationcount" name="degree" time="0.014"/>
  <testcase classname="com.testNG.Invocationcount" name="degree" time="0.003"/>
  <testcase classname="com.testNG.Invocationcount" name="degree" time="0.003"/>
  <testcase classname="com.testNG.Invocationcount" name="marks" time="0.003"/>
  <testcase classname="com.testNG.Invocationcount" name="name" time="0.01"/>
</testsuite> <!-- Default test -->
