<?xml version="1.0" encoding="UTF-8"?>
<testng-results ignored="0" total="1" passed="1" failed="0" skipped="0">
  <reporter-output>
  </reporter-output>
  <suite started-at="2023-06-14T09:38:38 IST" name="Suite" finished-at="2023-06-14T09:39:27 IST" duration-ms="49535">
    <groups>
    </groups>
    <test started-at="2023-06-14T09:38:38 IST" name="Test" finished-at="2023-06-14T09:39:27 IST" duration-ms="49535">
      <class name="com.testNG.Parameterized">
        <test-method signature="adactin(java.lang.String)[pri:0, instance:com.testNG.Parameterized@48aca48b]" started-at="2023-06-14T09:38:38 IST" name="adactin" finished-at="2023-06-14T09:39:27 IST" duration-ms="49473" status="PASS">
          <params>
            <param index="0">
              <value>
                <![CDATA[mahe090909]]>
              </value>
            </param>
          </params>
          <reporter-output>
          </reporter-output>
        </test-method> <!-- adactin -->
      </class> <!-- com.testNG.Parameterized -->
    </test> <!-- Test -->
  </suite> <!-- Suite -->
</testng-results>
